<?xml version="1.0" encoding="UTF-8"?>
<testsuite name="edu.bbte.bnim2219.server.TrainingTest" tests="1" skipped="0" failures="0" errors="0" timestamp="2024-11-13T16:53:48" hostname="DESKTOP-D5DG5A4" time="0.031">
  <properties/>
  <testcase name="testFunction()" classname="edu.bbte.bnim2219.server.TrainingTest" time="0.031"/>
  <system-out><![CDATA[]]></system-out>
  <system-err><![CDATA[]]></system-err>
</testsuite>
